Report generated at 2024-09-08 23:29:11

Weather information unavailable.

News information unavailable.


Report generated at 2024-09-08 23:40:49

Weather information unavailable.

News information unavailable.


Report generated at 2024-09-08 23:44:44

Weather in Islamabad: clear sky at 27.13°C.
Air Quality Index (AQI): 4
Clothing recommendation: It's warm! Wear light and breathable clothes. The air quality is poor, consider wearing a mask if going outside.

News information unavailable.


Report generated at 2024-09-08 23:47:37

Weather in Islamabad: clear sky at 27.13°C.
Air Quality Index (AQI): 4
Clothing recommendation: It's warm! Wear light and breathable clothes. The air quality is poor, consider wearing a mask if going outside.

News information unavailable.


Report generated at 2024-09-08 23:49:17

Weather in Rawalakot: clear sky at 17.69°C.
Air Quality Index (AQI): 2
Clothing recommendation: It's a bit chilly. A light jacket should suffice.

News information unavailable.


Report generated at 2024-09-08 23:58:45

Weather in Rawalakot: clear sky at 17.69°C.
Air Quality Index (AQI): 2
Clothing recommendation: It's a bit chilly. A light jacket should suffice.

News information unavailable.


Report generated at 2024-09-09 00:07:12

Weather in Rawalakot: clear sky at 17.69°C.
Air Quality Index (AQI): 2
Clothing recommendation: It's a bit chilly. A light jacket should suffice.

Sunrise: 05:44:20
Sunset: 18:20:33
Moon Phase: Not available
News information unavailable.


Report generated at 2024-09-09 11:13:15

Weather in Rawalakot: clear sky at 24.69°C.
Air Quality Index (AQI): 2
Clothing recommendation: It's a bit chilly. A light jacket should suffice.

Sunrise: 05:44:20
Sunset: 18:20:33
Moon Phase: Not available
News information unavailable.


Report generated at 2024-09-10 22:21:19

Weather in Rawalakot: few clouds at 17.89°C.
Air Quality Index (AQI): 2
Clothing recommendation: It's a bit chilly. A light jacket should suffice.

Sunrise: 05:45:00
Sunset: 18:19:10
Moon Phase: Not available
News information unavailable.


Report generated at 2024-09-11 12:00:17

Weather in Rawalakot: clear sky at 25.82°C.
Air Quality Index (AQI): 3
Clothing recommendation: It's warm! Wear light and breathable clothes.

Sunrise: 05:45:40
Sunset: 18:17:46
Moon Phase: Not available
News information unavailable.


Report generated at 2024-09-14 16:58:45

Weather in Rawalakot: clear sky at 23.17°C.
Air Quality Index (AQI): 3
Clothing recommendation: It's a bit chilly. A light jacket should suffice.

Sunrise: 05:47:41
Sunset: 18:13:34
Moon Phase: Not available
News information unavailable.


Report generated at 2024-09-15 12:27:11

Weather in Rawalakot: clear sky at 24.82°C.
Air Quality Index (AQI): 3
Clothing recommendation: It's a bit chilly. A light jacket should suffice.

Sunrise: 05:48:21
Sunset: 18:12:10
Moon Phase: Not available
News information unavailable.


Report generated at 2024-09-15 20:26:07

Weather in Rawalakot: clear sky at 17.41°C.
Air Quality Index (AQI): 3
Clothing recommendation: It's a bit chilly. A light jacket should suffice.

Sunrise: 05:48:21
Sunset: 18:12:10
Moon Phase: Not available
News information unavailable.


Report generated at 2024-09-17 14:09:24

Weather in Rawalakot: clear sky at 25.7°C.
Air Quality Index (AQI): 3
Clothing recommendation: It's warm! Wear light and breathable clothes.

Sunrise: 05:49:41
Sunset: 18:09:21
Moon Phase: Not available
News information unavailable.


Report generated at 2024-09-18 16:05:32

Weather in Rawalakot: clear sky at 24.64°C.
Air Quality Index (AQI): 4
Clothing recommendation: It's a bit chilly. A light jacket should suffice. The air quality is poor, consider wearing a mask if going outside.

Sunrise: 05:50:22
Sunset: 18:07:56
Moon Phase: Not available
News information unavailable.


Report generated at 2024-09-19 11:22:37

Weather in Rawalakot: clear sky at 26.53°C.
Air Quality Index (AQI): 3
Clothing recommendation: It's warm! Wear light and breathable clothes.

Sunrise: 05:51:02
Sunset: 18:06:31
Moon Phase: Not available
News information unavailable.


Report generated at 2024-09-19 12:43:40

Weather in Rawalakot: broken clouds at 25.93°C.
Hourly weather forecast for Rawalakot:
2024-09-19 14:00:00: broken clouds at 26.01°C
2024-09-19 17:00:00: broken clouds at 24.7°C
2024-09-19 20:00:00: scattered clouds at 21.03°C
2024-09-19 23:00:00: clear sky at 18.29°C
2024-09-20 02:00:00: scattered clouds at 18.18°C
2024-09-20 05:00:00: few clouds at 18.34°C
2024-09-20 08:00:00: scattered clouds at 23.23°C
2024-09-20 11:00:00: scattered clouds at 27.58°C
2024-09-20 14:00:00: clear sky at 28.06°C
2024-09-20 17:00:00: clear sky at 25.39°C
2024-09-20 20:00:00: clear sky at 19.65°C
2024-09-20 23:00:00: clear sky at 19.23°C
2024-09-21 02:00:00: clear sky at 18.74°C
2024-09-21 05:00:00: clear sky at 18.03°C
2024-09-21 08:00:00: clear sky at 22.97°C
2024-09-21 11:00:00: clear sky at 26.4°C
2024-09-21 14:00:00: clear sky at 27.58°C
2024-09-21 17:00:00: clear sky at 25.1°C
2024-09-21 20:00:00: clear sky at 19.48°C
2024-09-21 23:00:00: clear sky at 18.81°C
2024-09-22 02:00:00: clear sky at 18.36°C
2024-09-22 05:00:00: clear sky at 17.91°C
2024-09-22 08:00:00: clear sky at 22.98°C
2024-09-22 11:00:00: clear sky at 26.42°C
2024-09-22 14:00:00: clear sky at 27.75°C
2024-09-22 17:00:00: clear sky at 25.48°C
2024-09-22 20:00:00: clear sky at 19.91°C
2024-09-22 23:00:00: clear sky at 19.21°C
2024-09-23 02:00:00: clear sky at 18.64°C
2024-09-23 05:00:00: clear sky at 18.25°C
2024-09-23 08:00:00: clear sky at 23.3°C
2024-09-23 11:00:00: clear sky at 26.92°C
2024-09-23 14:00:00: clear sky at 28.38°C
2024-09-23 17:00:00: few clouds at 26.14°C
2024-09-23 20:00:00: clear sky at 20.66°C
2024-09-23 23:00:00: clear sky at 19.89°C
2024-09-24 02:00:00: clear sky at 19.27°C
2024-09-24 05:00:00: clear sky at 18.78°C
2024-09-24 08:00:00: clear sky at 23.88°C
2024-09-24 11:00:00: clear sky at 27.41°C
Air Quality Index (AQI): 3
Moon phase information unavailable.
No upcoming astronomical events available.
News information unavailable.


Report generated at 2024-09-19 12:44:41

Weather in Rawalakot: broken clouds at 25.93°C.
Hourly weather forecast for Rawalakot:
2024-09-19 14:00:00: broken clouds at 26.01°C
2024-09-19 17:00:00: broken clouds at 24.7°C
2024-09-19 20:00:00: scattered clouds at 21.03°C
2024-09-19 23:00:00: clear sky at 18.29°C
2024-09-20 02:00:00: scattered clouds at 18.18°C
2024-09-20 05:00:00: few clouds at 18.34°C
2024-09-20 08:00:00: scattered clouds at 23.23°C
2024-09-20 11:00:00: scattered clouds at 27.58°C
2024-09-20 14:00:00: clear sky at 28.06°C
2024-09-20 17:00:00: clear sky at 25.39°C
2024-09-20 20:00:00: clear sky at 19.65°C
2024-09-20 23:00:00: clear sky at 19.23°C
2024-09-21 02:00:00: clear sky at 18.74°C
2024-09-21 05:00:00: clear sky at 18.03°C
2024-09-21 08:00:00: clear sky at 22.97°C
2024-09-21 11:00:00: clear sky at 26.4°C
2024-09-21 14:00:00: clear sky at 27.58°C
2024-09-21 17:00:00: clear sky at 25.1°C
2024-09-21 20:00:00: clear sky at 19.48°C
2024-09-21 23:00:00: clear sky at 18.81°C
2024-09-22 02:00:00: clear sky at 18.36°C
2024-09-22 05:00:00: clear sky at 17.91°C
2024-09-22 08:00:00: clear sky at 22.98°C
2024-09-22 11:00:00: clear sky at 26.42°C
2024-09-22 14:00:00: clear sky at 27.75°C
2024-09-22 17:00:00: clear sky at 25.48°C
2024-09-22 20:00:00: clear sky at 19.91°C
2024-09-22 23:00:00: clear sky at 19.21°C
2024-09-23 02:00:00: clear sky at 18.64°C
2024-09-23 05:00:00: clear sky at 18.25°C
2024-09-23 08:00:00: clear sky at 23.3°C
2024-09-23 11:00:00: clear sky at 26.92°C
2024-09-23 14:00:00: clear sky at 28.38°C
2024-09-23 17:00:00: few clouds at 26.14°C
2024-09-23 20:00:00: clear sky at 20.66°C
2024-09-23 23:00:00: clear sky at 19.89°C
2024-09-24 02:00:00: clear sky at 19.27°C
2024-09-24 05:00:00: clear sky at 18.78°C
2024-09-24 08:00:00: clear sky at 23.88°C
2024-09-24 11:00:00: clear sky at 27.41°C
Air Quality Index (AQI): 3
No upcoming astronomical events available.
News information unavailable.


Report generated at 2024-09-20 11:49:01

Weather in Rawalakot: scattered clouds at 26.8°C.
Hourly weather forecast for Rawalakot:
2024-09-20 14:00:00: scattered clouds at 26.62°C
2024-09-20 17:00:00: few clouds at 25.29°C
2024-09-20 20:00:00: clear sky at 19.45°C
2024-09-20 23:00:00: clear sky at 19.11°C
2024-09-21 02:00:00: clear sky at 18.64°C
2024-09-21 05:00:00: clear sky at 18.04°C
2024-09-21 08:00:00: clear sky at 22.4°C
2024-09-21 11:00:00: clear sky at 25.35°C
2024-09-21 14:00:00: clear sky at 26.44°C
2024-09-21 17:00:00: clear sky at 24.26°C
2024-09-21 20:00:00: clear sky at 19.23°C
2024-09-21 23:00:00: clear sky at 18.71°C
2024-09-22 02:00:00: clear sky at 18.28°C
2024-09-22 05:00:00: clear sky at 17.85°C
2024-09-22 08:00:00: clear sky at 22.4°C
2024-09-22 11:00:00: clear sky at 25.24°C
2024-09-22 14:00:00: clear sky at 26.46°C
2024-09-22 17:00:00: clear sky at 24.49°C
2024-09-22 20:00:00: clear sky at 19.64°C
2024-09-22 23:00:00: clear sky at 18.96°C
2024-09-23 02:00:00: clear sky at 18.54°C
2024-09-23 05:00:00: clear sky at 18.15°C
2024-09-23 08:00:00: clear sky at 22.65°C
2024-09-23 11:00:00: clear sky at 26.17°C
2024-09-23 14:00:00: clear sky at 27.4°C
2024-09-23 17:00:00: clear sky at 25.48°C
2024-09-23 20:00:00: clear sky at 20.3°C
2024-09-23 23:00:00: clear sky at 19.56°C
2024-09-24 02:00:00: clear sky at 19°C
2024-09-24 05:00:00: clear sky at 18.81°C
2024-09-24 08:00:00: clear sky at 23.35°C
2024-09-24 11:00:00: clear sky at 26.62°C
2024-09-24 14:00:00: clear sky at 27.78°C
2024-09-24 17:00:00: clear sky at 25.78°C
2024-09-24 20:00:00: clear sky at 20.9°C
2024-09-24 23:00:00: clear sky at 20.07°C
2024-09-25 02:00:00: clear sky at 19.57°C
2024-09-25 05:00:00: clear sky at 18.98°C
2024-09-25 08:00:00: clear sky at 23.41°C
2024-09-25 11:00:00: clear sky at 26.52°C
Air Quality Index (AQI): 3
No upcoming astronomical events available.
News information unavailable.


Report generated at 2024-09-20 17:42:21

Weather in Rawalakot: clear sky at 20.8°C.
Hourly weather forecast for Rawalakot:
2024-09-20 20:00:00: clear sky at 22.94°C
2024-09-20 23:00:00: clear sky at 20.95°C
2024-09-21 02:00:00: clear sky at 18.56°C
2024-09-21 05:00:00: clear sky at 18°C
2024-09-21 08:00:00: clear sky at 22.4°C
2024-09-21 11:00:00: clear sky at 25.46°C
2024-09-21 14:00:00: clear sky at 26.65°C
2024-09-21 17:00:00: clear sky at 24.42°C
2024-09-21 20:00:00: clear sky at 19.32°C
2024-09-21 23:00:00: clear sky at 18.66°C
2024-09-22 02:00:00: clear sky at 18.2°C
2024-09-22 05:00:00: clear sky at 17.75°C
2024-09-22 08:00:00: clear sky at 22.49°C
2024-09-22 11:00:00: clear sky at 25.42°C
2024-09-22 14:00:00: clear sky at 26.86°C
2024-09-22 17:00:00: clear sky at 24.74°C
2024-09-22 20:00:00: clear sky at 19.61°C
2024-09-22 23:00:00: clear sky at 19°C
2024-09-23 02:00:00: clear sky at 18.41°C
2024-09-23 05:00:00: clear sky at 18.01°C
2024-09-23 08:00:00: clear sky at 22.89°C
2024-09-23 11:00:00: clear sky at 26.04°C
2024-09-23 14:00:00: clear sky at 27.64°C
2024-09-23 17:00:00: clear sky at 25.75°C
2024-09-23 20:00:00: clear sky at 20.31°C
2024-09-23 23:00:00: clear sky at 19.52°C
2024-09-24 02:00:00: clear sky at 19.05°C
2024-09-24 05:00:00: clear sky at 18.71°C
2024-09-24 08:00:00: clear sky at 23.43°C
2024-09-24 11:00:00: clear sky at 26.65°C
2024-09-24 14:00:00: clear sky at 28.16°C
2024-09-24 17:00:00: clear sky at 25.82°C
2024-09-24 20:00:00: clear sky at 20.57°C
2024-09-24 23:00:00: clear sky at 19.86°C
2024-09-25 02:00:00: clear sky at 19.33°C
2024-09-25 05:00:00: clear sky at 18.82°C
2024-09-25 08:00:00: clear sky at 23.19°C
2024-09-25 11:00:00: clear sky at 26.45°C
2024-09-25 14:00:00: scattered clouds at 27.78°C
2024-09-25 17:00:00: broken clouds at 23.78°C
Air Quality Index (AQI): 4
No upcoming astronomical events available.
News information unavailable.


Report generated at 2024-09-24 12:09:45

Weather in Rawalakot: clear sky at 27.52°C.
Hourly weather forecast for Rawalakot:
2024-09-24 14:00:00: clear sky at 27.21°C
2024-09-24 17:00:00: clear sky at 25.92°C
2024-09-24 20:00:00: clear sky at 20.02°C
2024-09-24 23:00:00: clear sky at 19.37°C
2024-09-25 02:00:00: clear sky at 18.85°C
2024-09-25 05:00:00: clear sky at 18.2°C
2024-09-25 08:00:00: clear sky at 22.91°C
2024-09-25 11:00:00: clear sky at 26.02°C
2024-09-25 14:00:00: clear sky at 27.34°C
2024-09-25 17:00:00: clear sky at 25.09°C
2024-09-25 20:00:00: clear sky at 19.87°C
2024-09-25 23:00:00: clear sky at 19.29°C
2024-09-26 02:00:00: clear sky at 18.61°C
2024-09-26 05:00:00: clear sky at 18.05°C
2024-09-26 08:00:00: clear sky at 22.53°C
2024-09-26 11:00:00: clear sky at 25.63°C
2024-09-26 14:00:00: light rain at 25.15°C
2024-09-26 17:00:00: light rain at 24.33°C
2024-09-26 20:00:00: light rain at 19.85°C
2024-09-26 23:00:00: few clouds at 18.99°C
2024-09-27 02:00:00: light rain at 18.23°C
2024-09-27 05:00:00: light rain at 16.19°C
2024-09-27 08:00:00: light rain at 21.06°C
2024-09-27 11:00:00: heavy intensity rain at 16.33°C
2024-09-27 14:00:00: moderate rain at 19.18°C
2024-09-27 17:00:00: scattered clouds at 21.41°C
2024-09-27 20:00:00: clear sky at 17.78°C
2024-09-27 23:00:00: light rain at 16.81°C
2024-09-28 02:00:00: light rain at 16.33°C
2024-09-28 05:00:00: moderate rain at 14.84°C
2024-09-28 08:00:00: moderate rain at 16.92°C
2024-09-28 11:00:00: light rain at 22.67°C
2024-09-28 14:00:00: clear sky at 23.62°C
2024-09-28 17:00:00: light rain at 20.53°C
2024-09-28 20:00:00: clear sky at 17.14°C
2024-09-28 23:00:00: clear sky at 16.6°C
2024-09-29 02:00:00: clear sky at 16.25°C
2024-09-29 05:00:00: clear sky at 15.67°C
2024-09-29 08:00:00: clear sky at 20.1°C
2024-09-29 11:00:00: clear sky at 22.65°C
Air Quality Index (AQI): 4
No upcoming astronomical events available.
News information unavailable.


